<?xml version="1.0" encoding="UTF-8"?>
<!-- Generated by org.testng.reporters.JUnitXMLReporter -->
<testsuite ignored="15" hostname="TYSS-Mohammed-Riza-Washiq" failures="4" tests="16" name="Test" time="17.808" errors="0" timestamp="2024-11-19T16:16:36 IST">
  <testcase classname="com.shopperstack.login.Login" name="loginTest" time="4.377"/>
  <testcase classname="com.shopperstack.viewprod.ViewProd" name="viewProdTest" time="2.998"/>
  <testcase classname="com.shopperstack.wishlist.AddToWishList" name="addWishListTest" time="0.907"/>
  <testcase classname="com.shopperstack.wishlist.ViewWishlist" name="getFromWishListTest" time="0.621"/>
  <testcase classname="com.shopperstack.carts.AddToCart" name="addPRodToCartTest" time="0.79">
    <failure type="java.lang.AssertionError" message="1 expectation failed.
Expected status code &amp;lt;201&amp;gt; but was &amp;lt;409&amp;gt;.
">
      <![CDATA[java.lang.AssertionError: 1 expectation failed.
Expected status code <201> but was <409>.

at org.codehaus.groovy.runtime.callsite.ConstructorSite$ConstructorSiteNoUnwrapNoCoerce.callConstructor(ConstructorSite.java:108)
at org.codehaus.groovy.runtime.callsite.CallSiteArray.defaultCallConstructor(CallSiteArray.java:57)
at org.codehaus.groovy.runtime.callsite.AbstractCallSite.callConstructor(AbstractCallSite.java:263)
at org.codehaus.groovy.runtime.callsite.AbstractCallSite.callConstructor(AbstractCallSite.java:277)
at io.restassured.internal.ResponseSpecificationImpl$HamcrestAssertionClosure.validate(ResponseSpecificationImpl.groovy:512)
at io.restassured.internal.ResponseSpecificationImpl$HamcrestAssertionClosure$validate$1.call(Unknown Source)
at io.restassured.internal.ResponseSpecificationImpl.validateResponseIfRequired(ResponseSpecificationImpl.groovy:696)
at io.restassured.internal.ResponseSpecificationImpl.this$2$validateResponseIfRequired(ResponseSpecificationImpl.groovy)
at org.codehaus.groovy.runtime.callsite.PlainObjectMetaMethodSite.doInvoke(PlainObjectMetaMethodSite.java:43)
at org.codehaus.groovy.runtime.callsite.PogoMetaMethodSite$PogoCachedMethodSiteNoUnwrapNoCoerce.invoke(PogoMetaMethodSite.java:198)
at org.codehaus.groovy.runtime.callsite.PogoMetaMethodSite.callCurrent(PogoMetaMethodSite.java:62)
at org.codehaus.groovy.runtime.callsite.AbstractCallSite.callCurrent(AbstractCallSite.java:185)
at io.restassured.internal.ResponseSpecificationImpl.statusCode(ResponseSpecificationImpl.groovy:135)
at io.restassured.specification.ResponseSpecification$statusCode$0.callCurrent(Unknown Source)
at io.restassured.internal.ResponseSpecificationImpl.statusCode(ResponseSpecificationImpl.groovy:143)
at io.restassured.internal.ValidatableResponseOptionsImpl.statusCode(ValidatableResponseOptionsImpl.java:89)
at com.shopperstack.carts.AddToCart.addPRodToCartTest(AddToCart.java:28)
at java.base/java.util.ArrayList.forEach(ArrayList.java:1597)
... Removed 31 stack frames]]>
    </failure>
  </testcase> <!-- addPRodToCartTest -->
  <testcase classname="com.shopperstack.carts.GetFromCart" name="getPRodFromCartTest" time="0.677"/>
  <testcase classname="com.shopperstack.carts.UpdateFromCart" name="updatePRodFromCartTest" time="0.683">
    <failure type="java.lang.AssertionError" message="1 expectation failed.
Expected status code &amp;lt;200&amp;gt; but was &amp;lt;404&amp;gt;.
">
      <![CDATA[java.lang.AssertionError: 1 expectation failed.
Expected status code <200> but was <404>.

at org.codehaus.groovy.runtime.callsite.ConstructorSite$ConstructorSiteNoUnwrapNoCoerce.callConstructor(ConstructorSite.java:108)
at org.codehaus.groovy.runtime.callsite.AbstractCallSite.callConstructor(AbstractCallSite.java:277)
at io.restassured.internal.ResponseSpecificationImpl$HamcrestAssertionClosure.validate(ResponseSpecificationImpl.groovy:512)
at io.restassured.internal.ResponseSpecificationImpl$HamcrestAssertionClosure$validate$1.call(Unknown Source)
at io.restassured.internal.ResponseSpecificationImpl.validateResponseIfRequired(ResponseSpecificationImpl.groovy:696)
at io.restassured.internal.ResponseSpecificationImpl.this$2$validateResponseIfRequired(ResponseSpecificationImpl.groovy)
at org.codehaus.groovy.runtime.callsite.PlainObjectMetaMethodSite.doInvoke(PlainObjectMetaMethodSite.java:43)
at org.codehaus.groovy.runtime.callsite.PogoMetaMethodSite$PogoCachedMethodSiteNoUnwrapNoCoerce.invoke(PogoMetaMethodSite.java:198)
at org.codehaus.groovy.runtime.callsite.PogoMetaMethodSite.callCurrent(PogoMetaMethodSite.java:62)
at org.codehaus.groovy.runtime.callsite.AbstractCallSite.callCurrent(AbstractCallSite.java:185)
at io.restassured.internal.ResponseSpecificationImpl.statusCode(ResponseSpecificationImpl.groovy:135)
at io.restassured.specification.ResponseSpecification$statusCode$0.callCurrent(Unknown Source)
at io.restassured.internal.ResponseSpecificationImpl.statusCode(ResponseSpecificationImpl.groovy:143)
at io.restassured.internal.ValidatableResponseOptionsImpl.statusCode(ValidatableResponseOptionsImpl.java:89)
at com.shopperstack.carts.UpdateFromCart.updatePRodFromCartTest(UpdateFromCart.java:28)
at java.base/java.util.ArrayList.forEach(ArrayList.java:1597)
... Removed 31 stack frames]]>
    </failure>
  </testcase> <!-- updatePRodFromCartTest -->
  <testcase classname="com.shooperstack.adress.AddAdress" name="addAdressTest" time="0.694"/>
  <testcase classname="com.shooperstack.adress.GetAdress" name="getAdressTest" time="0.76"/>
  <testcase classname="com.shopperstack.orders.PostOrder" name="postOrderTest" time="0.665">
    <failure type="java.lang.AssertionError" message="expected [NOT_FOUND] but found [Created]">
      <![CDATA[java.lang.AssertionError: expected [NOT_FOUND] but found [Created]
at com.shopperstack.orders.PostOrder.postOrderTest(PostOrder.java:34)
at java.base/java.util.ArrayList.forEach(ArrayList.java:1597)
... Removed 31 stack frames]]>
    </failure>
  </testcase> <!-- postOrderTest -->
  <testcase classname="com.shopperstack.orders.GetOrders" name="getOrdersTest" time="0.723"/>
  <testcase classname="com.shopperstack.orders.GetInvoice" name="getOrderInvoiceTest" time="0.58">
    <failure type="java.lang.AssertionError" message="1 expectation failed.
Expected status code &amp;lt;200&amp;gt; but was &amp;lt;500&amp;gt;.
">
      <![CDATA[java.lang.AssertionError: 1 expectation failed.
Expected status code <200> but was <500>.

at org.codehaus.groovy.runtime.callsite.ConstructorSite$ConstructorSiteNoUnwrapNoCoerce.callConstructor(ConstructorSite.java:108)
at org.codehaus.groovy.runtime.callsite.AbstractCallSite.callConstructor(AbstractCallSite.java:277)
at io.restassured.internal.ResponseSpecificationImpl$HamcrestAssertionClosure.validate(ResponseSpecificationImpl.groovy:512)
at io.restassured.internal.ResponseSpecificationImpl$HamcrestAssertionClosure$validate$1.call(Unknown Source)
at io.restassured.internal.ResponseSpecificationImpl.validateResponseIfRequired(ResponseSpecificationImpl.groovy:696)
at io.restassured.internal.ResponseSpecificationImpl.this$2$validateResponseIfRequired(ResponseSpecificationImpl.groovy)
at org.codehaus.groovy.runtime.callsite.PlainObjectMetaMethodSite.doInvoke(PlainObjectMetaMethodSite.java:43)
at org.codehaus.groovy.runtime.callsite.PogoMetaMethodSite$PogoCachedMethodSiteNoUnwrapNoCoerce.invoke(PogoMetaMethodSite.java:198)
at org.codehaus.groovy.runtime.callsite.PogoMetaMethodSite.callCurrent(PogoMetaMethodSite.java:62)
at org.codehaus.groovy.runtime.callsite.AbstractCallSite.callCurrent(AbstractCallSite.java:185)
at io.restassured.internal.ResponseSpecificationImpl.statusCode(ResponseSpecificationImpl.groovy:135)
at io.restassured.specification.ResponseSpecification$statusCode$0.callCurrent(Unknown Source)
at io.restassured.internal.ResponseSpecificationImpl.statusCode(ResponseSpecificationImpl.groovy:143)
at io.restassured.internal.ValidatableResponseOptionsImpl.statusCode(ValidatableResponseOptionsImpl.java:89)
at com.shopperstack.orders.GetInvoice.getOrderInvoiceTest(GetInvoice.java:22)
at java.base/java.util.ArrayList.forEach(ArrayList.java:1597)
... Removed 31 stack frames]]>
    </failure>
  </testcase> <!-- getOrderInvoiceTest -->
  <testcase classname="com.shopperstack.review.PostAReview" name="addReviewTest" time="0.895"/>
  <testcase classname="com.shopperstack.review.GetAllReviews" name="getReviewTest" time="0.75"/>
  <testcase classname="com.shopperstack.review.UpdateTheReview" name="updateReviewTest" time="0.776"/>
  <testcase classname="com.shooperstack.adress.DeleteAdress" name="deleteAdressTest" time="0.807"/>
  <testcase classname="com.shopperstack.baseClass.BaseClass" name="@BeforeSuite bf" time="0.0">
    <ignored/>
  </testcase> <!-- @BeforeSuite bf -->
  <testcase classname="com.shopperstack.baseClass.BaseClass" name="@BeforeSuite bf" time="0.0">
    <ignored/>
  </testcase> <!-- @BeforeSuite bf -->
  <testcase classname="com.shopperstack.baseClass.BaseClass" name="@BeforeSuite bf" time="0.0">
    <ignored/>
  </testcase> <!-- @BeforeSuite bf -->
  <testcase classname="com.shopperstack.baseClass.BaseClass" name="@BeforeSuite bf" time="0.0">
    <ignored/>
  </testcase> <!-- @BeforeSuite bf -->
  <testcase classname="com.shopperstack.baseClass.BaseClass" name="@BeforeSuite bf" time="0.0">
    <ignored/>
  </testcase> <!-- @BeforeSuite bf -->
  <testcase classname="com.shopperstack.baseClass.BaseClass" name="@BeforeSuite bf" time="0.0">
    <ignored/>
  </testcase> <!-- @BeforeSuite bf -->
  <testcase classname="com.shopperstack.baseClass.BaseClass" name="@BeforeSuite bf" time="0.0">
    <ignored/>
  </testcase> <!-- @BeforeSuite bf -->
  <testcase classname="com.shopperstack.baseClass.BaseClass" name="@BeforeSuite bf" time="0.0">
    <ignored/>
  </testcase> <!-- @BeforeSuite bf -->
  <testcase classname="com.shopperstack.baseClass.BaseClass" name="@BeforeSuite bf" time="0.0">
    <ignored/>
  </testcase> <!-- @BeforeSuite bf -->
  <testcase classname="com.shopperstack.baseClass.BaseClass" name="@BeforeSuite bf" time="0.0">
    <ignored/>
  </testcase> <!-- @BeforeSuite bf -->
  <testcase classname="com.shopperstack.baseClass.BaseClass" name="@BeforeSuite bf" time="0.0">
    <ignored/>
  </testcase> <!-- @BeforeSuite bf -->
  <testcase classname="com.shopperstack.baseClass.BaseClass" name="@BeforeSuite bf" time="0.0">
    <ignored/>
  </testcase> <!-- @BeforeSuite bf -->
  <testcase classname="com.shopperstack.baseClass.BaseClass" name="@BeforeSuite bf" time="0.0">
    <ignored/>
  </testcase> <!-- @BeforeSuite bf -->
  <testcase classname="com.shopperstack.baseClass.BaseClass" name="@BeforeSuite bf" time="0.0">
    <ignored/>
  </testcase> <!-- @BeforeSuite bf -->
  <testcase classname="com.shopperstack.baseClass.BaseClass" name="@BeforeSuite bf" time="0.0">
    <ignored/>
  </testcase> <!-- @BeforeSuite bf -->
</testsuite> <!-- Test -->
